[20:48:38.759][INFO][CraftTweaker-EarlyInit]: CraftTweaker is running on a Minecraft 1.20.1 production server modded with platform Forge
[20:48:38.806][INFO][CraftTweaker-EarlyInit]: Successfully injected RecipeFS file system
[20:48:38.927][INFO][CraftTweaker-Plugins]: Successfully identified and loaded plugin crafttweaker:builtin
[20:48:38.932][INFO][CraftTweaker-Plugins]: Successfully identified and loaded plugin crafttweaker:builtin_forge
[20:48:38.940][INFO][CraftTweaker-Plugins]: Successfully identified and loaded plugin farmersdelight:crafttweaker_plugin
[20:48:40.660][INFO][CraftTweaker]: The following mods have explicit CraftTweaker support through the default plugin:
[20:48:40.665][INFO][CraftTweaker]: - 'crafttweaker' at version '14.0.57'
[20:48:40.665][INFO][CraftTweaker]: - 'farmersdelight' at version '1.20.1-1.2.7'
[20:49:14.015][INFO][CraftTweaker-ZenCode]: Started loading scripts for loader 'initialize'
[20:49:15.058][INFO][CraftTweaker-ZenCode]: Compiling and executing scripts
[20:49:15.129][INFO][CraftTweaker-ZenCode]: Successfully initialized modules [crafttweaker, expansions]
[20:49:15.342][INFO][CraftTweaker-ZenCode]: Execution for loader 'initialize' completed successfully
[20:49:30.719][INFO][CraftTweaker-ZenCode]: Started loading scripts for loader 'tags'
[20:49:30.792][INFO][CraftTweaker-ZenCode]: Compiling and executing scripts
[20:49:30.848][INFO][CraftTweaker-ZenCode]: Successfully initialized modules [crafttweaker, expansions]
[20:49:30.886][INFO][CraftTweaker-ZenCode]: Execution for loader 'tags' completed successfully
[20:49:33.602][INFO][CraftTweaker]: crafttweaker.reload.start
[20:49:33.618][INFO][CraftTweaker-ZenCode]: Started loading scripts for loader 'crafttweaker'
[20:49:33.676][INFO][CraftTweaker-ZenCode]: Compiling and executing scripts
[20:49:34.456][INFO][CraftTweaker-ZenCode]: Successfully initialized modules [mods, crafttweaker, expansions]
[20:49:34.484][INFO][CraftTweaker-ZenCode]: Execution for loader 'crafttweaker' completed successfully
[20:49:34.488][INFO][CraftTweaker]: crafttweaker.reload.complete
